[debug] [2026-05-26T12:57:24.907Z] ----------------------------------------------------------------------
[debug] [2026-05-26T12:57:24.910Z] Command:       C:\Program Files\nodejs\node.exe C:\Users\ariel\AppData\Roaming\npm\node_modules\firebase-tools\lib\bin\firebase.js deploy --only functions
[debug] [2026-05-26T12:57:24.911Z] CLI Version:   15.18.0
[debug] [2026-05-26T12:57:24.911Z] Platform:      win32
[debug] [2026-05-26T12:57:24.911Z] Node Version:  v24.16.0
[debug] [2026-05-26T12:57:24.911Z] Time:          Tue May 26 2026 15:57:24 GMT+0300 (Israel Daylight Time)
[debug] [2026-05-26T12:57:24.911Z] ----------------------------------------------------------------------
[debug] 
[debug] [2026-05-26T12:57:26.709Z] > command requires scopes: ["email","openid","https://www.googleapis.com/auth/cloudplatformprojects.readonly","https://www.googleapis.com/auth/firebase","https://www.googleapis.com/auth/cloud-platform"]
[debug] [2026-05-26T12:57:26.709Z] > authorizing via signed-in user (kordiakariel1@gmail.com)
[debug] [2026-05-26T12:57:26.709Z] [iam] checking project smap-f893f for permissions ["cloudfunctions.functions.create","cloudfunctions.functions.delete","cloudfunctions.functions.get","cloudfunctions.functions.list","cloudfunctions.functions.update","cloudfunctions.operations.get","firebase.projects.get"]
[debug] [2026-05-26T12:57:26.711Z] Checked if tokens are valid: true, expires at: 1779803771231
[debug] [2026-05-26T12:57:26.711Z] Checked if tokens are valid: true, expires at: 1779803771231
[debug] [2026-05-26T12:57:26.712Z] >>> [apiv2][query] POST https://cloudresourcemanager.googleapis.com/v1/projects/smap-f893f:testIamPermissions [none]
[debug] [2026-05-26T12:57:26.712Z] >>> [apiv2][(partial)header] POST https://cloudresourcemanager.googleapis.com/v1/projects/smap-f893f:testIamPermissions  x-goog-user-project=smap-f893f
[debug] [2026-05-26T12:57:26.712Z] >>> [apiv2][body] POST https://cloudresourcemanager.googleapis.com/v1/projects/smap-f893f:testIamPermissions {"permissions":["cloudfunctions.functions.create","cloudfunctions.functions.delete","cloudfunctions.functions.get","cloudfunctions.functions.list","cloudfunctions.functions.update","cloudfunctions.operations.get","firebase.projects.get"]}
[debug] [2026-05-26T12:57:27.787Z] <<< [apiv2][status] POST https://cloudresourcemanager.googleapis.com/v1/projects/smap-f893f:testIamPermissions 200
[debug] [2026-05-26T12:57:27.787Z] <<< [apiv2][body] POST https://cloudresourcemanager.googleapis.com/v1/projects/smap-f893f:testIamPermissions {"permissions":["cloudfunctions.functions.create","cloudfunctions.functions.delete","cloudfunctions.functions.get","cloudfunctions.functions.list","cloudfunctions.functions.update","cloudfunctions.operations.get","firebase.projects.get"]}
[debug] [2026-05-26T12:57:27.788Z] Checked if tokens are valid: true, expires at: 1779803771231
[debug] [2026-05-26T12:57:27.788Z] Checked if tokens are valid: true, expires at: 1779803771231
[debug] [2026-05-26T12:57:27.788Z] >>> [apiv2][query] POST https://iam.googleapis.com/v1/projects/smap-f893f/serviceAccounts/smap-f893f@appspot.gserviceaccount.com:testIamPermissions [none]
[debug] [2026-05-26T12:57:27.788Z] >>> [apiv2][body] POST https://iam.googleapis.com/v1/projects/smap-f893f/serviceAccounts/smap-f893f@appspot.gserviceaccount.com:testIamPermissions {"permissions":["iam.serviceAccounts.actAs"]}
[debug] [2026-05-26T12:57:28.785Z] <<< [apiv2][status] POST https://iam.googleapis.com/v1/projects/smap-f893f/serviceAccounts/smap-f893f@appspot.gserviceaccount.com:testIamPermissions 200
[debug] [2026-05-26T12:57:28.785Z] <<< [apiv2][body] POST https://iam.googleapis.com/v1/projects/smap-f893f/serviceAccounts/smap-f893f@appspot.gserviceaccount.com:testIamPermissions {"permissions":["iam.serviceAccounts.actAs"]}
[info] 
[info] === Deploying to 'smap-f893f'...
[info] 
[info] i  deploying functions 
[debug] [2026-05-26T12:57:28.790Z] Checked if tokens are valid: true, expires at: 1779803771231
[debug] [2026-05-26T12:57:28.790Z] Checked if tokens are valid: true, expires at: 1779803771231
[debug] [2026-05-26T12:57:28.791Z] >>> [apiv2][query] GET https://cloudresourcemanager.googleapis.com/v1/projects/smap-f893f [none]
[debug] [2026-05-26T12:57:29.035Z] <<< [apiv2][status] GET https://cloudresourcemanager.googleapis.com/v1/projects/smap-f893f 200
[debug] [2026-05-26T12:57:29.035Z] <<< [apiv2][body] GET https://cloudresourcemanager.googleapis.com/v1/projects/smap-f893f {"projectNumber":"920361704345","projectId":"smap-f893f","lifecycleState":"ACTIVE","name":"SMAP","labels":{"firebase":"enabled","firebase-core":"disabled"},"createTime":"2026-05-25T08:36:15.318Z"}
[info] i  functions: preparing codebase default for deployment 
[info] i  functions: ensuring required API cloudfunctions.googleapis.com is enabled... 
[info] i  functions: ensuring required API cloudbuild.googleapis.com is enabled... 
[info] i  artifactregistry: ensuring required API artifactregistry.googleapis.com is enabled... 
[debug] [2026-05-26T12:57:29.038Z] Checked if tokens are valid: true, expires at: 1779803771231
[debug] [2026-05-26T12:57:29.039Z] Checked if tokens are valid: true, expires at: 1779803771231
[debug] [2026-05-26T12:57:29.039Z] >>> [apiv2][query] GET https://firebase.googleapis.com/v1beta1/projects/smap-f893f/adminSdkConfig [none]
[debug] [2026-05-26T12:57:29.418Z] <<< [apiv2][status] GET https://firebase.googleapis.com/v1beta1/projects/smap-f893f/adminSdkConfig 200
[debug] [2026-05-26T12:57:29.418Z] <<< [apiv2][body] GET https://firebase.googleapis.com/v1beta1/projects/smap-f893f/adminSdkConfig {"projectId":"smap-f893f","storageBucket":"smap-f893f.firebasestorage.app"}
[debug] [2026-05-26T12:57:29.418Z] Checked if tokens are valid: true, expires at: 1779803771231
[debug] [2026-05-26T12:57:29.419Z] Checked if tokens are valid: true, expires at: 1779803771231
[debug] [2026-05-26T12:57:29.419Z] >>> [apiv2][query] GET https://runtimeconfig.googleapis.com/v1beta1/projects/smap-f893f/configs [none]
[debug] [2026-05-26T12:57:29.813Z] <<< [apiv2][status] GET https://runtimeconfig.googleapis.com/v1beta1/projects/smap-f893f/configs 200
[debug] [2026-05-26T12:57:29.813Z] <<< [apiv2][body] GET https://runtimeconfig.googleapis.com/v1beta1/projects/smap-f893f/configs {}
[debug] [2026-05-26T12:57:29.816Z] Validating nodejs source
[warn] !  functions: Runtime Node.js 20 was deprecated on 2026-04-30 and will be decommissioned on 2026-10-30, after which you will not be able to deploy without upgrading. Consider upgrading now to avoid disruption. See https://cloud.google.com/functions/docs/runtime-support for full details on the lifecycle policy 
[warn] !  functions: package.json indicates an outdated version of firebase-functions. Please upgrade using npm install --save firebase-functions@latest in your functions directory. 
[warn] !  functions: Please note that there will be breaking changes when you upgrade. 
[debug] [2026-05-26T12:57:30.922Z] > [functions] package.json contents: {
  "name": "school-map-functions",
  "scripts": {
    "build": "tsc",
    "serve": "npm run build && firebase emulators:start --only functions",
    "deploy": "firebase deploy --only functions",
    "logs": "firebase functions:log"
  },
  "engines": {
    "node": "20"
  },
  "main": "lib/index.js",
  "dependencies": {
    "firebase-admin": "^12.1.0",
    "firebase-functions": "^4.9.0"
  },
  "devDependencies": {
    "typescript": "^5.4.5",
    "@types/node": "^20.12.7"
  },
  "private": true
}
[debug] [2026-05-26T12:57:30.922Z] Building nodejs source
[info] i  functions: Loading and analyzing source code for codebase default to determine what to deploy 
[info] i  functions: You are using a version of firebase-functions SDK (4.9.0) that does not have support for the newest Firebase Extensions features. Please update firebase-functions SDK to >=5.1.0 to use them correctly 
[debug] [2026-05-26T12:57:30.926Z] Could not find functions.yaml. Must use http discovery
[debug] [2026-05-26T12:57:30.944Z] Found firebase-functions binary at 'C:\Users\ariel\Downloads\school-map\functions\node_modules\.bin\firebase-functions'
[info] Serving at port 8013

[debug] [2026-05-26T12:57:32.037Z] Got response from /__/functions.yaml {"endpoints":{"pollTeachers":{"availableMemoryMb":null,"timeoutSeconds":null,"minInstances":null,"maxInstances":null,"ingressSettings":null,"concurrency":null,"serviceAccountEmail":null,"vpc":null,"platform":"gcfv2","labels":{},"scheduleTrigger":{"schedule":"every 5 minutes","retryConfig":{"retryCount":null,"maxDoublings":null,"maxRetrySeconds":null,"minBackoffSeconds":null,"maxBackoffSeconds":null},"timeZone":null},"entryPoint":"pollTeachers"}},"specVersion":"v1alpha1","requiredAPIs":[{"api":"cloudscheduler.googleapis.com","reason":"Needed for scheduled functions."}]}
[debug] [2026-05-26T12:57:36.086Z] Checked if tokens are valid: true, expires at: 1779803771231
[debug] [2026-05-26T12:57:36.086Z] Checked if tokens are valid: true, expires at: 1779803771231
[debug] [2026-05-26T12:57:36.086Z] >>> [apiv2][query] GET https://cloudfunctions.googleapis.com/v1/projects/smap-f893f/locations/-/functions [none]
[debug] [2026-05-26T12:57:36.995Z] <<< [apiv2][status] GET https://cloudfunctions.googleapis.com/v1/projects/smap-f893f/locations/-/functions 200
[debug] [2026-05-26T12:57:36.995Z] <<< [apiv2][body] GET https://cloudfunctions.googleapis.com/v1/projects/smap-f893f/locations/-/functions {}
[debug] [2026-05-26T12:57:36.995Z] Checked if tokens are valid: true, expires at: 1779803771231
[debug] [2026-05-26T12:57:36.995Z] Checked if tokens are valid: true, expires at: 1779803771231
[debug] [2026-05-26T12:57:36.996Z] >>> [apiv2][query] GET https://cloudfunctions.googleapis.com/v2/projects/smap-f893f/locations/-/functions filter=environment%3D%22GEN_2%22
[debug] [2026-05-26T12:57:38.051Z] <<< [apiv2][status] GET https://cloudfunctions.googleapis.com/v2/projects/smap-f893f/locations/-/functions 200
[debug] [2026-05-26T12:57:38.051Z] <<< [apiv2][body] GET https://cloudfunctions.googleapis.com/v2/projects/smap-f893f/locations/-/functions {}
[info] i  functions: preparing functions directory for uploading... 
[info] i  functions: packaged C:\Users\ariel\Downloads\school-map\functions (35.39 KB) for uploading 
[info] i  functions: ensuring required API cloudscheduler.googleapis.com is enabled... 
[debug] [2026-05-26T12:57:38.097Z] Checked if tokens are valid: true, expires at: 1779803771231
[debug] [2026-05-26T12:57:38.097Z] Checked if tokens are valid: true, expires at: 1779803771231
[debug] [2026-05-26T12:57:38.097Z] >>> [apiv2][query] GET https://serviceusage.googleapis.com/v1/projects/920361704345/services/cloudscheduler.googleapis.com [none]
[debug] [2026-05-26T12:57:38.097Z] >>> [apiv2][(partial)header] GET https://serviceusage.googleapis.com/v1/projects/920361704345/services/cloudscheduler.googleapis.com  x-goog-user-project=920361704345
[debug] [2026-05-26T12:57:39.275Z] <<< [apiv2][status] GET https://serviceusage.googleapis.com/v1/projects/920361704345/services/cloudscheduler.googleapis.com 200
[debug] [2026-05-26T12:57:39.275Z] <<< [apiv2][body] GET https://serviceusage.googleapis.com/v1/projects/920361704345/services/cloudscheduler.googleapis.com [omitted]
[warn] !  functions: missing required API cloudscheduler.googleapis.com. Enabling now... 
[debug] [2026-05-26T12:57:39.277Z] Checked if tokens are valid: true, expires at: 1779803771231
[debug] [2026-05-26T12:57:39.277Z] Checked if tokens are valid: true, expires at: 1779803771231
[debug] [2026-05-26T12:57:39.277Z] >>> [apiv2][query] POST https://serviceusage.googleapis.com/v1/projects/920361704345/services/cloudscheduler.googleapis.com:enable [none]
[debug] [2026-05-26T12:57:39.277Z] >>> [apiv2][(partial)header] POST https://serviceusage.googleapis.com/v1/projects/920361704345/services/cloudscheduler.googleapis.com:enable  x-goog-user-project=920361704345
[debug] [2026-05-26T12:57:40.630Z] <<< [apiv2][status] POST https://serviceusage.googleapis.com/v1/projects/920361704345/services/cloudscheduler.googleapis.com:enable 200
[debug] [2026-05-26T12:57:40.631Z] <<< [apiv2][body] POST https://serviceusage.googleapis.com/v1/projects/920361704345/services/cloudscheduler.googleapis.com:enable [omitted]
[info] i  functions: ensuring required API run.googleapis.com is enabled... 
[debug] [2026-05-26T12:57:50.654Z] Checked if tokens are valid: true, expires at: 1779803771231
[debug] [2026-05-26T12:57:50.654Z] Checked if tokens are valid: true, expires at: 1779803771231
[info] i  functions: ensuring required API eventarc.googleapis.com is enabled... 
[debug] [2026-05-26T12:57:50.655Z] Checked if tokens are valid: true, expires at: 1779803771231
[debug] [2026-05-26T12:57:50.655Z] Checked if tokens are valid: true, expires at: 1779803771231
[info] i  functions: ensuring required API pubsub.googleapis.com is enabled... 
[debug] [2026-05-26T12:57:50.656Z] Checked if tokens are valid: true, expires at: 1779803771231
[debug] [2026-05-26T12:57:50.656Z] Checked if tokens are valid: true, expires at: 1779803771231
[info] i  functions: ensuring required API storage.googleapis.com is enabled... 
[debug] [2026-05-26T12:57:50.656Z] Checked if tokens are valid: true, expires at: 1779803771231
[debug] [2026-05-26T12:57:50.656Z] Checked if tokens are valid: true, expires at: 1779803771231
[debug] [2026-05-26T12:57:50.657Z] >>> [apiv2][query] GET https://serviceusage.googleapis.com/v1/projects/920361704345/services/run.googleapis.com [none]
[debug] [2026-05-26T12:57:50.657Z] >>> [apiv2][(partial)header] GET https://serviceusage.googleapis.com/v1/projects/920361704345/services/run.googleapis.com  x-goog-user-project=920361704345
[debug] [2026-05-26T12:57:50.659Z] >>> [apiv2][query] GET https://serviceusage.googleapis.com/v1/projects/920361704345/services/eventarc.googleapis.com [none]
[debug] [2026-05-26T12:57:50.659Z] >>> [apiv2][(partial)header] GET https://serviceusage.googleapis.com/v1/projects/920361704345/services/eventarc.googleapis.com  x-goog-user-project=920361704345
[debug] [2026-05-26T12:57:50.660Z] >>> [apiv2][query] GET https://serviceusage.googleapis.com/v1/projects/920361704345/services/pubsub.googleapis.com [none]
[debug] [2026-05-26T12:57:50.661Z] >>> [apiv2][(partial)header] GET https://serviceusage.googleapis.com/v1/projects/920361704345/services/pubsub.googleapis.com  x-goog-user-project=920361704345
[debug] [2026-05-26T12:57:50.662Z] >>> [apiv2][query] GET https://serviceusage.googleapis.com/v1/projects/920361704345/services/storage.googleapis.com [none]
[debug] [2026-05-26T12:57:50.662Z] >>> [apiv2][(partial)header] GET https://serviceusage.googleapis.com/v1/projects/920361704345/services/storage.googleapis.com  x-goog-user-project=920361704345
[debug] [2026-05-26T12:57:51.815Z] <<< [apiv2][status] GET https://serviceusage.googleapis.com/v1/projects/920361704345/services/storage.googleapis.com 200
[debug] [2026-05-26T12:57:51.816Z] <<< [apiv2][body] GET https://serviceusage.googleapis.com/v1/projects/920361704345/services/storage.googleapis.com [omitted]
[info] +  functions: required API storage.googleapis.com is enabled 
[debug] [2026-05-26T12:57:51.826Z] <<< [apiv2][status] GET https://serviceusage.googleapis.com/v1/projects/920361704345/services/eventarc.googleapis.com 200
[debug] [2026-05-26T12:57:51.826Z] <<< [apiv2][body] GET https://serviceusage.googleapis.com/v1/projects/920361704345/services/eventarc.googleapis.com [omitted]
[warn] !  functions: missing required API eventarc.googleapis.com. Enabling now... 
[debug] [2026-05-26T12:57:51.826Z] Checked if tokens are valid: true, expires at: 1779803771231
[debug] [2026-05-26T12:57:51.826Z] Checked if tokens are valid: true, expires at: 1779803771231
[debug] [2026-05-26T12:57:51.827Z] >>> [apiv2][query] POST https://serviceusage.googleapis.com/v1/projects/920361704345/services/eventarc.googleapis.com:enable [none]
[debug] [2026-05-26T12:57:51.827Z] >>> [apiv2][(partial)header] POST https://serviceusage.googleapis.com/v1/projects/920361704345/services/eventarc.googleapis.com:enable  x-goog-user-project=920361704345
[debug] [2026-05-26T12:57:51.828Z] <<< [apiv2][status] GET https://serviceusage.googleapis.com/v1/projects/920361704345/services/pubsub.googleapis.com 200
[debug] [2026-05-26T12:57:51.828Z] <<< [apiv2][body] GET https://serviceusage.googleapis.com/v1/projects/920361704345/services/pubsub.googleapis.com [omitted]
[info] +  functions: required API pubsub.googleapis.com is enabled 
[debug] [2026-05-26T12:57:51.836Z] <<< [apiv2][status] GET https://serviceusage.googleapis.com/v1/projects/920361704345/services/run.googleapis.com 200
[debug] [2026-05-26T12:57:51.836Z] <<< [apiv2][body] GET https://serviceusage.googleapis.com/v1/projects/920361704345/services/run.googleapis.com [omitted]
[warn] !  functions: missing required API run.googleapis.com. Enabling now... 
[debug] [2026-05-26T12:57:51.837Z] Checked if tokens are valid: true, expires at: 1779803771231
[debug] [2026-05-26T12:57:51.837Z] Checked if tokens are valid: true, expires at: 1779803771231
[debug] [2026-05-26T12:57:51.837Z] >>> [apiv2][query] POST https://serviceusage.googleapis.com/v1/projects/920361704345/services/run.googleapis.com:enable [none]
[debug] [2026-05-26T12:57:51.837Z] >>> [apiv2][(partial)header] POST https://serviceusage.googleapis.com/v1/projects/920361704345/services/run.googleapis.com:enable  x-goog-user-project=920361704345
[debug] [2026-05-26T12:57:52.663Z] <<< [apiv2][status] POST https://serviceusage.googleapis.com/v1/projects/920361704345/services/run.googleapis.com:enable 200
[debug] [2026-05-26T12:57:52.663Z] <<< [apiv2][body] POST https://serviceusage.googleapis.com/v1/projects/920361704345/services/run.googleapis.com:enable [omitted]
[debug] [2026-05-26T12:57:53.166Z] <<< [apiv2][status] POST https://serviceusage.googleapis.com/v1/projects/920361704345/services/eventarc.googleapis.com:enable 200
[debug] [2026-05-26T12:57:53.166Z] <<< [apiv2][body] POST https://serviceusage.googleapis.com/v1/projects/920361704345/services/eventarc.googleapis.com:enable [omitted]
[info] i  functions: generating the service identity for pubsub.googleapis.com... 
[debug] [2026-05-26T12:58:03.179Z] Checked if tokens are valid: true, expires at: 1779803771231
[debug] [2026-05-26T12:58:03.180Z] Checked if tokens are valid: true, expires at: 1779803771231
[info] i  functions: generating the service identity for eventarc.googleapis.com... 
[debug] [2026-05-26T12:58:03.180Z] Checked if tokens are valid: true, expires at: 1779803771231
[debug] [2026-05-26T12:58:03.180Z] Checked if tokens are valid: true, expires at: 1779803771231
[debug] [2026-05-26T12:58:03.180Z] >>> [apiv2][query] POST https://serviceusage.googleapis.com/v1beta1/projects/920361704345/services/pubsub.googleapis.com:generateServiceIdentity [none]
[debug] [2026-05-26T12:58:03.180Z] >>> [apiv2][(partial)header] POST https://serviceusage.googleapis.com/v1beta1/projects/920361704345/services/pubsub.googleapis.com:generateServiceIdentity  x-goog-user-project=920361704345
[debug] [2026-05-26T12:58:03.180Z] >>> [apiv2][body] POST https://serviceusage.googleapis.com/v1beta1/projects/920361704345/services/pubsub.googleapis.com:generateServiceIdentity {}
[debug] [2026-05-26T12:58:03.182Z] >>> [apiv2][query] POST https://serviceusage.googleapis.com/v1beta1/projects/920361704345/services/eventarc.googleapis.com:generateServiceIdentity [none]
[debug] [2026-05-26T12:58:03.182Z] >>> [apiv2][(partial)header] POST https://serviceusage.googleapis.com/v1beta1/projects/920361704345/services/eventarc.googleapis.com:generateServiceIdentity  x-goog-user-project=920361704345
[debug] [2026-05-26T12:58:03.182Z] >>> [apiv2][body] POST https://serviceusage.googleapis.com/v1beta1/projects/920361704345/services/eventarc.googleapis.com:generateServiceIdentity {}
[debug] [2026-05-26T12:58:04.849Z] <<< [apiv2][status] POST https://serviceusage.googleapis.com/v1beta1/projects/920361704345/services/eventarc.googleapis.com:generateServiceIdentity 200
[debug] [2026-05-26T12:58:04.849Z] <<< [apiv2][body] POST https://serviceusage.googleapis.com/v1beta1/projects/920361704345/services/eventarc.googleapis.com:generateServiceIdentity {"name":"operations/finished.DONE_OPERATION","done":true,"response":{"@type":"type.googleapis.com/google.api.serviceusage.v1beta1.ServiceIdentity","email":"service-920361704345@gcp-sa-eventarc.iam.gserviceaccount.com","uniqueId":"110511340239731471058"}}
[debug] [2026-05-26T12:58:04.858Z] <<< [apiv2][status] POST https://serviceusage.googleapis.com/v1beta1/projects/920361704345/services/pubsub.googleapis.com:generateServiceIdentity 200
[debug] [2026-05-26T12:58:04.858Z] <<< [apiv2][body] POST https://serviceusage.googleapis.com/v1beta1/projects/920361704345/services/pubsub.googleapis.com:generateServiceIdentity {"name":"operations/finished.DONE_OPERATION","done":true,"response":{"@type":"type.googleapis.com/google.api.serviceusage.v1beta1.ServiceIdentity","email":"service-920361704345@gcp-sa-pubsub.iam.gserviceaccount.com","uniqueId":"117586492434183684142"}}
[debug] [2026-05-26T12:58:04.861Z] Checked if tokens are valid: true, expires at: 1779803771231
[debug] [2026-05-26T12:58:04.861Z] Checked if tokens are valid: true, expires at: 1779803771231
[debug] [2026-05-26T12:58:04.861Z] >>> [apiv2][query] GET https://cloudresourcemanager.googleapis.com/v1/projects/smap-f893f [none]
[debug] [2026-05-26T12:58:05.869Z] <<< [apiv2][status] GET https://cloudresourcemanager.googleapis.com/v1/projects/smap-f893f 200
[debug] [2026-05-26T12:58:05.869Z] <<< [apiv2][body] GET https://cloudresourcemanager.googleapis.com/v1/projects/smap-f893f {"projectNumber":"920361704345","projectId":"smap-f893f","lifecycleState":"ACTIVE","name":"SMAP","labels":{"firebase":"enabled","firebase-core":"disabled"},"createTime":"2026-05-25T08:36:15.318Z"}
[debug] [2026-05-26T12:58:05.870Z] Checked if tokens are valid: true, expires at: 1779803771231
[debug] [2026-05-26T12:58:05.870Z] Checked if tokens are valid: true, expires at: 1779803771231
[debug] [2026-05-26T12:58:05.870Z] >>> [apiv2][query] GET https://compute.googleapis.com/compute/v1/projects/920361704345 [none]
[debug] [2026-05-26T12:58:06.283Z] <<< [apiv2][status] GET https://compute.googleapis.com/compute/v1/projects/920361704345 403
[debug] [2026-05-26T12:58:06.283Z] <<< [apiv2][body] GET https://compute.googleapis.com/compute/v1/projects/920361704345 {"error":{"code":403,"message":"Compute Engine API has not been used in project 920361704345 before or it is disabled. Enable it by visiting https://console.developers.google.com/apis/api/compute.googleapis.com/overview?project=920361704345 then retry. If you enabled this API recently, wait a few minutes for the action to propagate to our systems and retry.","errors":[{"message":"Compute Engine API has not been used in project 920361704345 before or it is disabled. Enable it by visiting https://console.developers.google.com/apis/api/compute.googleapis.com/overview?project=920361704345 then retry. If you enabled this API recently, wait a few minutes for the action to propagate to our systems and retry.","domain":"usageLimits","reason":"accessNotConfigured","extendedHelp":"https://console.developers.google.com"}],"status":"PERMISSION_DENIED","details":[{"@type":"type.googleapis.com/google.rpc.ErrorInfo","reason":"SERVICE_DISABLED","domain":"googleapis.com","metadata":{"consumer":"projects/920361704345","containerInfo":"920361704345","serviceTitle":"Compute Engine API","service":"compute.googleapis.com","activationUrl":"https://console.developers.google.com/apis/api/compute.googleapis.com/overview?project=920361704345"}},{"@type":"type.googleapis.com/google.rpc.LocalizedMessage","locale":"en-US","message":"Compute Engine API has not been used in project 920361704345 before or it is disabled. Enable it by visiting https://console.developers.google.com/apis/api/compute.googleapis.com/overview?project=920361704345 then retry. If you enabled this API recently, wait a few minutes for the action to propagate to our systems and retry."},{"@type":"type.googleapis.com/google.rpc.Help","links":[{"description":"Google developers console API activation","url":"https://console.developers.google.com/apis/api/compute.googleapis.com/overview?project=920361704345"}]}]}}
[debug] [2026-05-26T12:58:06.284Z] unable to look up default compute service account. Falling back to 920361704345-compute@developer.gserviceaccount.com. Error: {"name":"FirebaseError","children":[],"context":{"body":{"error":{"code":403,"message":"Compute Engine API has not been used in project 920361704345 before or it is disabled. Enable it by visiting https://console.developers.google.com/apis/api/compute.googleapis.com/overview?project=920361704345 then retry. If you enabled this API recently, wait a few minutes for the action to propagate to our systems and retry.","errors":[{"message":"Compute Engine API has not been used in project 920361704345 before or it is disabled. Enable it by visiting https://console.developers.google.com/apis/api/compute.googleapis.com/overview?project=920361704345 then retry. If you enabled this API recently, wait a few minutes for the action to propagate to our systems and retry.","domain":"usageLimits","reason":"accessNotConfigured","extendedHelp":"https://console.developers.google.com"}],"status":"PERMISSION_DENIED","details":[{"@type":"type.googleapis.com/google.rpc.ErrorInfo","reason":"SERVICE_DISABLED","domain":"googleapis.com","metadata":{"consumer":"projects/920361704345","containerInfo":"920361704345","serviceTitle":"Compute Engine API","service":"compute.googleapis.com","activationUrl":"https://console.developers.google.com/apis/api/compute.googleapis.com/overview?project=920361704345"}},{"@type":"type.googleapis.com/google.rpc.LocalizedMessage","locale":"en-US","message":"Compute Engine API has not been used in project 920361704345 before or it is disabled. Enable it by visiting https://console.developers.google.com/apis/api/compute.googleapis.com/overview?project=920361704345 then retry. If you enabled this API recently, wait a few minutes for the action to propagate to our systems and retry."},{"@type":"type.googleapis.com/google.rpc.Help","links":[{"description":"Google developers console API activation","url":"https://console.developers.google.com/apis/api/compute.googleapis.com/overview?project=920361704345"}]}]}},"response":{"statusCode":403}},"exit":1,"message":"Request to https://compute.googleapis.com/compute/v1/projects/920361704345 had HTTP Error: 403, Compute Engine API has not been used in project 920361704345 before or it is disabled. Enable it by visiting https://console.developers.google.com/apis/api/compute.googleapis.com/overview?project=920361704345 then retry. If you enabled this API recently, wait a few minutes for the action to propagate to our systems and retry.","status":403}
[debug] [2026-05-26T12:58:06.286Z] Checked if tokens are valid: true, expires at: 1779803771231
[debug] [2026-05-26T12:58:06.286Z] Checked if tokens are valid: true, expires at: 1779803771231
[debug] [2026-05-26T12:58:06.286Z] >>> [apiv2][query] POST https://cloudfunctions.googleapis.com/v2/projects/smap-f893f/locations/us-central1/functions:generateUploadUrl [none]
[debug] [2026-05-26T12:58:08.286Z] <<< [apiv2][status] POST https://cloudfunctions.googleapis.com/v2/projects/smap-f893f/locations/us-central1/functions:generateUploadUrl 200
[debug] [2026-05-26T12:58:08.287Z] <<< [apiv2][body] POST https://cloudfunctions.googleapis.com/v2/projects/smap-f893f/locations/us-central1/functions:generateUploadUrl {"uploadUrl":"https://storage.googleapis.com/gcf-v2-uploads-920361704345.us-central1.cloudfunctions.appspot.com/aea203c9-364c-48a3-bb5f-1dc26db779b1.zip?GoogleAccessId=service-920361704345@gcf-admin-robot.iam.gserviceaccount.com&Expires=1779802107&Signature=PTqCqCdbM2Oc5lZnNWnj1AO1oynaaVi9Si%2BD9jUUTnNyG1N%2FAgDubAoxgKLXd4cqAAeFg2k5wSYepBcgC403VW2675QzO%2B1WVCCnxhafpjLpstOxXAp5uuc0AgplzALuLiue0zN9NW77WVuVYAXz4gc83Wo2w08TyZJI%2BMX7QqAALlZsT0VlH%2FkwL4DbTA7dSsQPOe3RBLCDAsING5jTkWr3Hk4AxEpSGB5fbhFDzNxuf43WGbRmxrCrrvEpQ1LainfkZiMRv0FnOx1FEsQjdmMzMGii3GpBe4NQd2UgemO86hdsTASSYf%2FGzWYH14vL%2BkKFYBHWNDXMI4RGD4IqhQ%3D%3D","storageSource":{"bucket":"gcf-v2-uploads-920361704345.us-central1.cloudfunctions.appspot.com","object":"aea203c9-364c-48a3-bb5f-1dc26db779b1.zip"}}
[debug] [2026-05-26T12:58:08.287Z] >>> [apiv2][query] PUT https://storage.googleapis.com/gcf-v2-uploads-920361704345.us-central1.cloudfunctions.appspot.com/aea203c9-364c-48a3-bb5f-1dc26db779b1.zip GoogleAccessId=service-920361704345%40gcf-admin-robot.iam.gserviceaccount.com&Expires=1779802107&Signature=PTqCqCdbM2Oc5lZnNWnj1AO1oynaaVi9Si%2BD9jUUTnNyG1N%2FAgDubAoxgKLXd4cqAAeFg2k5wSYepBcgC403VW2675QzO%2B1WVCCnxhafpjLpstOxXAp5uuc0AgplzALuLiue0zN9NW77WVuVYAXz4gc83Wo2w08TyZJI%2BMX7QqAALlZsT0VlH%2FkwL4DbTA7dSsQPOe3RBLCDAsING5jTkWr3Hk4AxEpSGB5fbhFDzNxuf43WGbRmxrCrrvEpQ1LainfkZiMRv0FnOx1FEsQjdmMzMGii3GpBe4NQd2UgemO86hdsTASSYf%2FGzWYH14vL%2BkKFYBHWNDXMI4RGD4IqhQ%3D%3D
[debug] [2026-05-26T12:58:08.288Z] >>> [apiv2][body] PUT https://storage.googleapis.com/gcf-v2-uploads-920361704345.us-central1.cloudfunctions.appspot.com/aea203c9-364c-48a3-bb5f-1dc26db779b1.zip [stream]
[debug] [2026-05-26T12:58:08.837Z] <<< [apiv2][status] PUT https://storage.googleapis.com/gcf-v2-uploads-920361704345.us-central1.cloudfunctions.appspot.com/aea203c9-364c-48a3-bb5f-1dc26db779b1.zip 200
[debug] [2026-05-26T12:58:08.837Z] <<< [apiv2][body] PUT https://storage.googleapis.com/gcf-v2-uploads-920361704345.us-central1.cloudfunctions.appspot.com/aea203c9-364c-48a3-bb5f-1dc26db779b1.zip [omitted]
[info] +  functions: functions source uploaded successfully 
[info] i  functions: creating Node.js 20 (2nd Gen) function pollTeachers(us-central1)... 
[debug] [2026-05-26T12:58:08.842Z] Checked if tokens are valid: true, expires at: 1779803771231
[debug] [2026-05-26T12:58:08.842Z] Checked if tokens are valid: true, expires at: 1779803771231
[debug] [2026-05-26T12:58:08.842Z] >>> [apiv2][query] POST https://cloudfunctions.googleapis.com/v2/projects/smap-f893f/locations/us-central1/functions functionId=pollTeachers
[debug] [2026-05-26T12:58:08.842Z] >>> [apiv2][body] POST https://cloudfunctions.googleapis.com/v2/projects/smap-f893f/locations/us-central1/functions {"name":"projects/smap-f893f/locations/us-central1/functions/pollTeachers","buildConfig":{"runtime":"nodejs20","entryPoint":"pollTeachers","source":{"storageSource":{"bucket":"gcf-v2-uploads-920361704345.us-central1.cloudfunctions.appspot.com","object":"aea203c9-364c-48a3-bb5f-1dc26db779b1.zip"}},"environmentVariables":{"GOOGLE_NODE_RUN_SCRIPTS":""}},"serviceConfig":{"environmentVariables":{"FIREBASE_CONFIG":"{\"projectId\":\"smap-f893f\",\"storageBucket\":\"smap-f893f.firebasestorage.app\"}","GCLOUD_PROJECT":"smap-f893f","EVENTARC_CLOUD_EVENT_SOURCE":"projects/smap-f893f/locations/us-central1/services/pollTeachers","FUNCTION_TARGET":"pollTeachers","LOG_EXECUTION_ID":"true"},"ingressSettings":null,"timeoutSeconds":null,"serviceAccountEmail":null,"availableMemory":"256Mi","minInstanceCount":null,"maxInstanceCount":null,"maxInstanceRequestConcurrency":80,"availableCpu":"1","vpcConnector":null,"vpcConnectorEgressSettings":null,"directVpcNetworkInterface":null,"directVpcEgress":null},"labels":{"deployment-tool":"cli-firebase","deployment-scheduled":"true","firebase-functions-hash":"e774fddb1a5d63bf29ec71b91610e03eae9dada8"}}
[debug] [2026-05-26T12:58:10.734Z] <<< [apiv2][status] POST https://cloudfunctions.googleapis.com/v2/projects/smap-f893f/locations/us-central1/functions 200
[debug] [2026-05-26T12:58:10.734Z] <<< [apiv2][body] POST https://cloudfunctions.googleapis.com/v2/projects/smap-f893f/locations/us-central1/functions {"name":"projects/smap-f893f/locations/us-central1/operations/operation-1779800308896-652b80d2ed1a0-54957f25-21a21753","metadata":{"@type":"type.googleapis.com/google.cloud.functions.v2.OperationMetadata","createTime":"2026-05-26T12:58:30.020724240Z","target":"projects/smap-f893f/locations/us-central1/functions/pollTeachers","verb":"create","cancelRequested":false,"apiVersion":"v2"},"done":false}
[debug] [2026-05-26T12:58:10.735Z] Checked if tokens are valid: true, expires at: 1779803771231
[debug] [2026-05-26T12:58:10.735Z] Checked if tokens are valid: true, expires at: 1779803771231
[debug] [2026-05-26T12:58:10.735Z] >>> [apiv2][query] GET https://cloudfunctions.googleapis.com/v2/projects/smap-f893f/locations/us-central1/operations/operation-1779800308896-652b80d2ed1a0-54957f25-21a21753 [none]
[debug] [2026-05-26T12:58:11.608Z] <<< [apiv2][status] GET https://cloudfunctions.googleapis.com/v2/projects/smap-f893f/locations/us-central1/operations/operation-1779800308896-652b80d2ed1a0-54957f25-21a21753 200
[debug] [2026-05-26T12:58:11.608Z] <<< [apiv2][body] GET https://cloudfunctions.googleapis.com/v2/projects/smap-f893f/locations/us-central1/operations/operation-1779800308896-652b80d2ed1a0-54957f25-21a21753 {"name":"projects/smap-f893f/locations/us-central1/operations/operation-1779800308896-652b80d2ed1a0-54957f25-21a21753","metadata":{"@type":"type.googleapis.com/google.cloud.functions.v2.OperationMetadata","createTime":"2026-05-26T12:58:30.020724240Z","target":"projects/smap-f893f/locations/us-central1/functions/pollTeachers","verb":"create","cancelRequested":false,"apiVersion":"v2","requestResource":{"@type":"type.googleapis.com/google.cloud.functions.v2.Function","name":"projects/smap-f893f/locations/us-central1/functions/pollTeachers","buildConfig":{"runtime":"nodejs20","entryPoint":"pollTeachers","source":{"storageSource":{"bucket":"gcf-v2-sources-920361704345-us-central1","object":"pollTeachers/function-source.zip","generation":"1779800309686225"}},"environmentVariables":{"GOOGLE_NODE_RUN_SCRIPTS":""},"serviceAccount":"projects/smap-f893f/serviceAccounts/920361704345-compute@developer.gserviceaccount.com","automaticUpdatePolicy":{}},"serviceConfig":{"service":"projects/smap-f893f/locations/us-central1/services/pollteachers","timeoutSeconds":60,"environmentVariables":{"FIREBASE_CONFIG":"{\"projectId\":\"smap-f893f\",\"storageBucket\":\"smap-f893f.firebasestorage.app\"}","GCLOUD_PROJECT":"smap-f893f","EVENTARC_CLOUD_EVENT_SOURCE":"projects/smap-f893f/locations/us-central1/services/pollTeachers","FUNCTION_TARGET":"pollTeachers","LOG_EXECUTION_ID":"true"},"ingressSettings":"ALLOW_ALL","serviceAccountEmail":"920361704345-compute@developer.gserviceaccount.com","availableMemory":"256Mi","maxInstanceRequestConcurrency":80,"availableCpu":"1"},"labels":{"deployment-tool":"cli-firebase","deployment-scheduled":"true","firebase-functions-hash":"e774fddb1a5d63bf29ec71b91610e03eae9dada8"},"environment":"GEN_2"},"stages":[{"name":"BUILD","state":"NOT_STARTED","stateMessages":[{"severity":"WARNING","type":"BuildAnalysisWarning","message":"Node.js 20 is no longer supported by the Node.js community as of 30 April, 2026. Runtime nodejs20 is currently deprecated for Cloud Functions. We recommend you to upgrade to the latest version of Node.js as soon as possible."}]},{"name":"SERVICE","state":"NOT_STARTED"}],"operationType":"CREATE_FUNCTION"},"done":false}
[debug] [2026-05-26T12:58:12.110Z] [create-default-us-central1-pollTeachers] Retrying task index 0
[debug] [2026-05-26T12:58:12.111Z] Checked if tokens are valid: true, expires at: 1779803771231
[debug] [2026-05-26T12:58:12.111Z] Checked if tokens are valid: true, expires at: 1779803771231
[debug] [2026-05-26T12:58:12.111Z] >>> [apiv2][query] GET https://cloudfunctions.googleapis.com/v2/projects/smap-f893f/locations/us-central1/operations/operation-1779800308896-652b80d2ed1a0-54957f25-21a21753 [none]
[debug] [2026-05-26T12:58:12.898Z] <<< [apiv2][status] GET https://cloudfunctions.googleapis.com/v2/projects/smap-f893f/locations/us-central1/operations/operation-1779800308896-652b80d2ed1a0-54957f25-21a21753 200
[debug] [2026-05-26T12:58:12.898Z] <<< [apiv2][body] GET https://cloudfunctions.googleapis.com/v2/projects/smap-f893f/locations/us-central1/operations/operation-1779800308896-652b80d2ed1a0-54957f25-21a21753 {"name":"projects/smap-f893f/locations/us-central1/operations/operation-1779800308896-652b80d2ed1a0-54957f25-21a21753","metadata":{"@type":"type.googleapis.com/google.cloud.functions.v2.OperationMetadata","createTime":"2026-05-26T12:58:30.020724240Z","target":"projects/smap-f893f/locations/us-central1/functions/pollTeachers","verb":"create","cancelRequested":false,"apiVersion":"v2","requestResource":{"@type":"type.googleapis.com/google.cloud.functions.v2.Function","name":"projects/smap-f893f/locations/us-central1/functions/pollTeachers","buildConfig":{"runtime":"nodejs20","entryPoint":"pollTeachers","source":{"storageSource":{"bucket":"gcf-v2-sources-920361704345-us-central1","object":"pollTeachers/function-source.zip","generation":"1779800309686225"}},"environmentVariables":{"GOOGLE_NODE_RUN_SCRIPTS":""},"serviceAccount":"projects/smap-f893f/serviceAccounts/920361704345-compute@developer.gserviceaccount.com","automaticUpdatePolicy":{}},"serviceConfig":{"service":"projects/smap-f893f/locations/us-central1/services/pollteachers","timeoutSeconds":60,"environmentVariables":{"FIREBASE_CONFIG":"{\"projectId\":\"smap-f893f\",\"storageBucket\":\"smap-f893f.firebasestorage.app\"}","GCLOUD_PROJECT":"smap-f893f","EVENTARC_CLOUD_EVENT_SOURCE":"projects/smap-f893f/locations/us-central1/services/pollTeachers","FUNCTION_TARGET":"pollTeachers","LOG_EXECUTION_ID":"true"},"ingressSettings":"ALLOW_ALL","serviceAccountEmail":"920361704345-compute@developer.gserviceaccount.com","availableMemory":"256Mi","maxInstanceRequestConcurrency":80,"availableCpu":"1"},"labels":{"deployment-tool":"cli-firebase","deployment-scheduled":"true","firebase-functions-hash":"e774fddb1a5d63bf29ec71b91610e03eae9dada8"},"environment":"GEN_2"},"stages":[{"name":"BUILD","state":"NOT_STARTED","stateMessages":[{"severity":"WARNING","type":"BuildAnalysisWarning","message":"Node.js 20 is no longer supported by the Node.js community as of 30 April, 2026. Runtime nodejs20 is currently deprecated for Cloud Functions. We recommend you to upgrade to the latest version of Node.js as soon as possible."}]},{"name":"SERVICE","state":"NOT_STARTED"}],"operationType":"CREATE_FUNCTION"},"done":false}
[debug] [2026-05-26T12:58:13.905Z] [create-default-us-central1-pollTeachers] Retrying task index 0
[debug] [2026-05-26T12:58:13.906Z] Checked if tokens are valid: true, expires at: 1779803771231
[debug] [2026-05-26T12:58:13.906Z] Checked if tokens are valid: true, expires at: 1779803771231
[debug] [2026-05-26T12:58:13.906Z] >>> [apiv2][query] GET https://cloudfunctions.googleapis.com/v2/projects/smap-f893f/locations/us-central1/operations/operation-1779800308896-652b80d2ed1a0-54957f25-21a21753 [none]
[debug] [2026-05-26T12:58:14.695Z] <<< [apiv2][status] GET https://cloudfunctions.googleapis.com/v2/projects/smap-f893f/locations/us-central1/operations/operation-1779800308896-652b80d2ed1a0-54957f25-21a21753 200
[debug] [2026-05-26T12:58:14.696Z] <<< [apiv2][body] GET https://cloudfunctions.googleapis.com/v2/projects/smap-f893f/locations/us-central1/operations/operation-1779800308896-652b80d2ed1a0-54957f25-21a21753 {"name":"projects/smap-f893f/locations/us-central1/operations/operation-1779800308896-652b80d2ed1a0-54957f25-21a21753","metadata":{"@type":"type.googleapis.com/google.cloud.functions.v2.OperationMetadata","createTime":"2026-05-26T12:58:30.020724240Z","target":"projects/smap-f893f/locations/us-central1/functions/pollTeachers","verb":"create","cancelRequested":false,"apiVersion":"v2","requestResource":{"@type":"type.googleapis.com/google.cloud.functions.v2.Function","name":"projects/smap-f893f/locations/us-central1/functions/pollTeachers","buildConfig":{"runtime":"nodejs20","entryPoint":"pollTeachers","source":{"storageSource":{"bucket":"gcf-v2-sources-920361704345-us-central1","object":"pollTeachers/function-source.zip","generation":"1779800309686225"}},"environmentVariables":{"GOOGLE_NODE_RUN_SCRIPTS":""},"serviceAccount":"projects/smap-f893f/serviceAccounts/920361704345-compute@developer.gserviceaccount.com","automaticUpdatePolicy":{}},"serviceConfig":{"service":"projects/smap-f893f/locations/us-central1/services/pollteachers","timeoutSeconds":60,"environmentVariables":{"FIREBASE_CONFIG":"{\"projectId\":\"smap-f893f\",\"storageBucket\":\"smap-f893f.firebasestorage.app\"}","GCLOUD_PROJECT":"smap-f893f","EVENTARC_CLOUD_EVENT_SOURCE":"projects/smap-f893f/locations/us-central1/services/pollTeachers","FUNCTION_TARGET":"pollTeachers","LOG_EXECUTION_ID":"true"},"ingressSettings":"ALLOW_ALL","serviceAccountEmail":"920361704345-compute@developer.gserviceaccount.com","availableMemory":"256Mi","maxInstanceRequestConcurrency":80,"availableCpu":"1"},"labels":{"deployment-tool":"cli-firebase","deployment-scheduled":"true","firebase-functions-hash":"e774fddb1a5d63bf29ec71b91610e03eae9dada8"},"environment":"GEN_2"},"stages":[{"name":"BUILD","state":"NOT_STARTED","stateMessages":[{"severity":"WARNING","type":"BuildAnalysisWarning","message":"Node.js 20 is no longer supported by the Node.js community as of 30 April, 2026. Runtime nodejs20 is currently deprecated for Cloud Functions. We recommend you to upgrade to the latest version of Node.js as soon as possible."}]},{"name":"SERVICE","state":"NOT_STARTED"}],"operationType":"CREATE_FUNCTION"},"done":false}
[debug] [2026-05-26T12:58:16.697Z] [create-default-us-central1-pollTeachers] Retrying task index 0
[debug] [2026-05-26T12:58:16.697Z] Checked if tokens are valid: true, expires at: 1779803771231
[debug] [2026-05-26T12:58:16.697Z] Checked if tokens are valid: true, expires at: 1779803771231
[debug] [2026-05-26T12:58:16.698Z] >>> [apiv2][query] GET https://cloudfunctions.googleapis.com/v2/projects/smap-f893f/locations/us-central1/operations/operation-1779800308896-652b80d2ed1a0-54957f25-21a21753 [none]
[debug] [2026-05-26T12:58:17.035Z] <<< [apiv2][status] GET https://cloudfunctions.googleapis.com/v2/projects/smap-f893f/locations/us-central1/operations/operation-1779800308896-652b80d2ed1a0-54957f25-21a21753 200
[debug] [2026-05-26T12:58:17.035Z] <<< [apiv2][body] GET https://cloudfunctions.googleapis.com/v2/projects/smap-f893f/locations/us-central1/operations/operation-1779800308896-652b80d2ed1a0-54957f25-21a21753 {"name":"projects/smap-f893f/locations/us-central1/operations/operation-1779800308896-652b80d2ed1a0-54957f25-21a21753","metadata":{"@type":"type.googleapis.com/google.cloud.functions.v2.OperationMetadata","createTime":"2026-05-26T12:58:30.020724240Z","target":"projects/smap-f893f/locations/us-central1/functions/pollTeachers","verb":"create","cancelRequested":false,"apiVersion":"v2","requestResource":{"@type":"type.googleapis.com/google.cloud.functions.v2.Function","name":"projects/smap-f893f/locations/us-central1/functions/pollTeachers","buildConfig":{"runtime":"nodejs20","entryPoint":"pollTeachers","source":{"storageSource":{"bucket":"gcf-v2-sources-920361704345-us-central1","object":"pollTeachers/function-source.zip","generation":"1779800309686225"}},"environmentVariables":{"GOOGLE_NODE_RUN_SCRIPTS":""},"serviceAccount":"projects/smap-f893f/serviceAccounts/920361704345-compute@developer.gserviceaccount.com","automaticUpdatePolicy":{}},"serviceConfig":{"service":"projects/smap-f893f/locations/us-central1/services/pollteachers","timeoutSeconds":60,"environmentVariables":{"FIREBASE_CONFIG":"{\"projectId\":\"smap-f893f\",\"storageBucket\":\"smap-f893f.firebasestorage.app\"}","GCLOUD_PROJECT":"smap-f893f","EVENTARC_CLOUD_EVENT_SOURCE":"projects/smap-f893f/locations/us-central1/services/pollTeachers","FUNCTION_TARGET":"pollTeachers","LOG_EXECUTION_ID":"true"},"ingressSettings":"ALLOW_ALL","serviceAccountEmail":"920361704345-compute@developer.gserviceaccount.com","availableMemory":"256Mi","maxInstanceRequestConcurrency":80,"availableCpu":"1"},"labels":{"deployment-tool":"cli-firebase","deployment-scheduled":"true","firebase-functions-hash":"e774fddb1a5d63bf29ec71b91610e03eae9dada8"},"environment":"GEN_2"},"stages":[{"name":"BUILD","state":"NOT_STARTED","stateMessages":[{"severity":"WARNING","type":"BuildAnalysisWarning","message":"Node.js 20 is no longer supported by the Node.js community as of 30 April, 2026. Runtime nodejs20 is currently deprecated for Cloud Functions. We recommend you to upgrade to the latest version of Node.js as soon as possible."}]},{"name":"SERVICE","state":"NOT_STARTED"}],"operationType":"CREATE_FUNCTION"},"done":false}
[debug] [2026-05-26T12:58:21.047Z] [create-default-us-central1-pollTeachers] Retrying task index 0
[debug] [2026-05-26T12:58:21.048Z] Checked if tokens are valid: true, expires at: 1779803771231
[debug] [2026-05-26T12:58:21.048Z] Checked if tokens are valid: true, expires at: 1779803771231
[debug] [2026-05-26T12:58:21.048Z] >>> [apiv2][query] GET https://cloudfunctions.googleapis.com/v2/projects/smap-f893f/locations/us-central1/operations/operation-1779800308896-652b80d2ed1a0-54957f25-21a21753 [none]
[debug] [2026-05-26T12:58:21.335Z] <<< [apiv2][status] GET https://cloudfunctions.googleapis.com/v2/projects/smap-f893f/locations/us-central1/operations/operation-1779800308896-652b80d2ed1a0-54957f25-21a21753 200
[debug] [2026-05-26T12:58:21.335Z] <<< [apiv2][body] GET https://cloudfunctions.googleapis.com/v2/projects/smap-f893f/locations/us-central1/operations/operation-1779800308896-652b80d2ed1a0-54957f25-21a21753 {"name":"projects/smap-f893f/locations/us-central1/operations/operation-1779800308896-652b80d2ed1a0-54957f25-21a21753","metadata":{"@type":"type.googleapis.com/google.cloud.functions.v2.OperationMetadata","createTime":"2026-05-26T12:58:30.020724240Z","target":"projects/smap-f893f/locations/us-central1/functions/pollTeachers","verb":"create","cancelRequested":false,"apiVersion":"v2","requestResource":{"@type":"type.googleapis.com/google.cloud.functions.v2.Function","name":"projects/smap-f893f/locations/us-central1/functions/pollTeachers","buildConfig":{"runtime":"nodejs20","entryPoint":"pollTeachers","source":{"storageSource":{"bucket":"gcf-v2-sources-920361704345-us-central1","object":"pollTeachers/function-source.zip","generation":"1779800309686225"}},"environmentVariables":{"GOOGLE_NODE_RUN_SCRIPTS":""},"serviceAccount":"projects/smap-f893f/serviceAccounts/920361704345-compute@developer.gserviceaccount.com","automaticUpdatePolicy":{}},"serviceConfig":{"service":"projects/smap-f893f/locations/us-central1/services/pollteachers","timeoutSeconds":60,"environmentVariables":{"FIREBASE_CONFIG":"{\"projectId\":\"smap-f893f\",\"storageBucket\":\"smap-f893f.firebasestorage.app\"}","GCLOUD_PROJECT":"smap-f893f","EVENTARC_CLOUD_EVENT_SOURCE":"projects/smap-f893f/locations/us-central1/services/pollTeachers","FUNCTION_TARGET":"pollTeachers","LOG_EXECUTION_ID":"true"},"ingressSettings":"ALLOW_ALL","serviceAccountEmail":"920361704345-compute@developer.gserviceaccount.com","availableMemory":"256Mi","maxInstanceRequestConcurrency":80,"availableCpu":"1"},"labels":{"deployment-tool":"cli-firebase","deployment-scheduled":"true","firebase-functions-hash":"e774fddb1a5d63bf29ec71b91610e03eae9dada8"},"environment":"GEN_2"},"stages":[{"name":"BUILD","message":"Build in progress","state":"IN_PROGRESS","resource":"projects/920361704345/locations/us-central1/builds/a0b90c47-be84-4226-a8d3-3df9101f7985","resourceUri":"https://console.cloud.google.com/cloud-build/builds;region=us-central1/a0b90c47-be84-4226-a8d3-3df9101f7985?project=920361704345"},{"name":"SERVICE","state":"NOT_STARTED"}],"operationType":"CREATE_FUNCTION","buildName":"projects/920361704345/locations/us-central1/builds/a0b90c47-be84-4226-a8d3-3df9101f7985"},"done":false}
[debug] [2026-05-26T12:58:29.343Z] [create-default-us-central1-pollTeachers] Retrying task index 0
[debug] [2026-05-26T12:58:29.344Z] Checked if tokens are valid: true, expires at: 1779803771231
[debug] [2026-05-26T12:58:29.344Z] Checked if tokens are valid: true, expires at: 1779803771231
[debug] [2026-05-26T12:58:29.344Z] >>> [apiv2][query] GET https://cloudfunctions.googleapis.com/v2/projects/smap-f893f/locations/us-central1/operations/operation-1779800308896-652b80d2ed1a0-54957f25-21a21753 [none]
[debug] [2026-05-26T12:58:30.244Z] <<< [apiv2][status] GET https://cloudfunctions.googleapis.com/v2/projects/smap-f893f/locations/us-central1/operations/operation-1779800308896-652b80d2ed1a0-54957f25-21a21753 200
[debug] [2026-05-26T12:58:30.244Z] <<< [apiv2][body] GET https://cloudfunctions.googleapis.com/v2/projects/smap-f893f/locations/us-central1/operations/operation-1779800308896-652b80d2ed1a0-54957f25-21a21753 {"name":"projects/smap-f893f/locations/us-central1/operations/operation-1779800308896-652b80d2ed1a0-54957f25-21a21753","metadata":{"@type":"type.googleapis.com/google.cloud.functions.v2.OperationMetadata","createTime":"2026-05-26T12:58:30.020724240Z","target":"projects/smap-f893f/locations/us-central1/functions/pollTeachers","verb":"create","cancelRequested":false,"apiVersion":"v2","requestResource":{"@type":"type.googleapis.com/google.cloud.functions.v2.Function","name":"projects/smap-f893f/locations/us-central1/functions/pollTeachers","buildConfig":{"runtime":"nodejs20","entryPoint":"pollTeachers","source":{"storageSource":{"bucket":"gcf-v2-sources-920361704345-us-central1","object":"pollTeachers/function-source.zip","generation":"1779800309686225"}},"environmentVariables":{"GOOGLE_NODE_RUN_SCRIPTS":""},"serviceAccount":"projects/smap-f893f/serviceAccounts/920361704345-compute@developer.gserviceaccount.com","automaticUpdatePolicy":{}},"serviceConfig":{"service":"projects/smap-f893f/locations/us-central1/services/pollteachers","timeoutSeconds":60,"environmentVariables":{"FIREBASE_CONFIG":"{\"projectId\":\"smap-f893f\",\"storageBucket\":\"smap-f893f.firebasestorage.app\"}","GCLOUD_PROJECT":"smap-f893f","EVENTARC_CLOUD_EVENT_SOURCE":"projects/smap-f893f/locations/us-central1/services/pollTeachers","FUNCTION_TARGET":"pollTeachers","LOG_EXECUTION_ID":"true"},"ingressSettings":"ALLOW_ALL","serviceAccountEmail":"920361704345-compute@developer.gserviceaccount.com","availableMemory":"256Mi","maxInstanceRequestConcurrency":80,"availableCpu":"1"},"labels":{"deployment-tool":"cli-firebase","deployment-scheduled":"true","firebase-functions-hash":"e774fddb1a5d63bf29ec71b91610e03eae9dada8"},"environment":"GEN_2"},"stages":[{"name":"BUILD","message":"Build in progress","state":"IN_PROGRESS","resource":"projects/920361704345/locations/us-central1/builds/a0b90c47-be84-4226-a8d3-3df9101f7985","resourceUri":"https://console.cloud.google.com/cloud-build/builds;region=us-central1/a0b90c47-be84-4226-a8d3-3df9101f7985?project=920361704345"},{"name":"SERVICE","state":"NOT_STARTED"}],"operationType":"CREATE_FUNCTION","buildName":"projects/920361704345/locations/us-central1/builds/a0b90c47-be84-4226-a8d3-3df9101f7985"},"done":false}
[debug] [2026-05-26T12:58:40.249Z] [create-default-us-central1-pollTeachers] Retrying task index 0
[debug] [2026-05-26T12:58:40.250Z] Checked if tokens are valid: true, expires at: 1779803771231
[debug] [2026-05-26T12:58:40.250Z] Checked if tokens are valid: true, expires at: 1779803771231
[debug] [2026-05-26T12:58:40.250Z] >>> [apiv2][query] GET https://cloudfunctions.googleapis.com/v2/projects/smap-f893f/locations/us-central1/operations/operation-1779800308896-652b80d2ed1a0-54957f25-21a21753 [none]
[debug] [2026-05-26T12:58:40.681Z] <<< [apiv2][status] GET https://cloudfunctions.googleapis.com/v2/projects/smap-f893f/locations/us-central1/operations/operation-1779800308896-652b80d2ed1a0-54957f25-21a21753 200
[debug] [2026-05-26T12:58:40.681Z] <<< [apiv2][body] GET https://cloudfunctions.googleapis.com/v2/projects/smap-f893f/locations/us-central1/operations/operation-1779800308896-652b80d2ed1a0-54957f25-21a21753 {"name":"projects/smap-f893f/locations/us-central1/operations/operation-1779800308896-652b80d2ed1a0-54957f25-21a21753","metadata":{"@type":"type.googleapis.com/google.cloud.functions.v2.OperationMetadata","createTime":"2026-05-26T12:58:30.020724240Z","target":"projects/smap-f893f/locations/us-central1/functions/pollTeachers","verb":"create","cancelRequested":false,"apiVersion":"v2","requestResource":{"@type":"type.googleapis.com/google.cloud.functions.v2.Function","name":"projects/smap-f893f/locations/us-central1/functions/pollTeachers","buildConfig":{"runtime":"nodejs20","entryPoint":"pollTeachers","source":{"storageSource":{"bucket":"gcf-v2-sources-920361704345-us-central1","object":"pollTeachers/function-source.zip","generation":"1779800309686225"}},"environmentVariables":{"GOOGLE_NODE_RUN_SCRIPTS":""},"serviceAccount":"projects/smap-f893f/serviceAccounts/920361704345-compute@developer.gserviceaccount.com","automaticUpdatePolicy":{}},"serviceConfig":{"service":"projects/smap-f893f/locations/us-central1/services/pollteachers","timeoutSeconds":60,"environmentVariables":{"FIREBASE_CONFIG":"{\"projectId\":\"smap-f893f\",\"storageBucket\":\"smap-f893f.firebasestorage.app\"}","GCLOUD_PROJECT":"smap-f893f","EVENTARC_CLOUD_EVENT_SOURCE":"projects/smap-f893f/locations/us-central1/services/pollTeachers","FUNCTION_TARGET":"pollTeachers","LOG_EXECUTION_ID":"true"},"ingressSettings":"ALLOW_ALL","serviceAccountEmail":"920361704345-compute@developer.gserviceaccount.com","availableMemory":"256Mi","maxInstanceRequestConcurrency":80,"availableCpu":"1"},"labels":{"deployment-tool":"cli-firebase","deployment-scheduled":"true","firebase-functions-hash":"e774fddb1a5d63bf29ec71b91610e03eae9dada8"},"environment":"GEN_2"},"stages":[{"name":"BUILD","message":"Build in progress","state":"IN_PROGRESS","resource":"projects/920361704345/locations/us-central1/builds/a0b90c47-be84-4226-a8d3-3df9101f7985","resourceUri":"https://console.cloud.google.com/cloud-build/builds;region=us-central1/a0b90c47-be84-4226-a8d3-3df9101f7985?project=920361704345"},{"name":"SERVICE","state":"NOT_STARTED"}],"operationType":"CREATE_FUNCTION","buildName":"projects/920361704345/locations/us-central1/builds/a0b90c47-be84-4226-a8d3-3df9101f7985"},"done":false}
[debug] [2026-05-26T12:58:50.690Z] [create-default-us-central1-pollTeachers] Retrying task index 0
[debug] [2026-05-26T12:58:50.691Z] Checked if tokens are valid: true, expires at: 1779803771231
[debug] [2026-05-26T12:58:50.691Z] Checked if tokens are valid: true, expires at: 1779803771231
[debug] [2026-05-26T12:58:50.691Z] >>> [apiv2][query] GET https://cloudfunctions.googleapis.com/v2/projects/smap-f893f/locations/us-central1/operations/operation-1779800308896-652b80d2ed1a0-54957f25-21a21753 [none]
[debug] [2026-05-26T12:58:51.047Z] <<< [apiv2][status] GET https://cloudfunctions.googleapis.com/v2/projects/smap-f893f/locations/us-central1/operations/operation-1779800308896-652b80d2ed1a0-54957f25-21a21753 200
[debug] [2026-05-26T12:58:51.047Z] <<< [apiv2][body] GET https://cloudfunctions.googleapis.com/v2/projects/smap-f893f/locations/us-central1/operations/operation-1779800308896-652b80d2ed1a0-54957f25-21a21753 {"name":"projects/smap-f893f/locations/us-central1/operations/operation-1779800308896-652b80d2ed1a0-54957f25-21a21753","metadata":{"@type":"type.googleapis.com/google.cloud.functions.v2.OperationMetadata","createTime":"2026-05-26T12:58:30.020724240Z","target":"projects/smap-f893f/locations/us-central1/functions/pollTeachers","verb":"create","cancelRequested":false,"apiVersion":"v2","requestResource":{"@type":"type.googleapis.com/google.cloud.functions.v2.Function","name":"projects/smap-f893f/locations/us-central1/functions/pollTeachers","buildConfig":{"runtime":"nodejs20","entryPoint":"pollTeachers","source":{"storageSource":{"bucket":"gcf-v2-sources-920361704345-us-central1","object":"pollTeachers/function-source.zip","generation":"1779800309686225"}},"environmentVariables":{"GOOGLE_NODE_RUN_SCRIPTS":""},"serviceAccount":"projects/smap-f893f/serviceAccounts/920361704345-compute@developer.gserviceaccount.com","automaticUpdatePolicy":{}},"serviceConfig":{"service":"projects/smap-f893f/locations/us-central1/services/pollteachers","timeoutSeconds":60,"environmentVariables":{"FIREBASE_CONFIG":"{\"projectId\":\"smap-f893f\",\"storageBucket\":\"smap-f893f.firebasestorage.app\"}","GCLOUD_PROJECT":"smap-f893f","EVENTARC_CLOUD_EVENT_SOURCE":"projects/smap-f893f/locations/us-central1/services/pollTeachers","FUNCTION_TARGET":"pollTeachers","LOG_EXECUTION_ID":"true"},"ingressSettings":"ALLOW_ALL","serviceAccountEmail":"920361704345-compute@developer.gserviceaccount.com","availableMemory":"256Mi","maxInstanceRequestConcurrency":80,"availableCpu":"1"},"labels":{"deployment-tool":"cli-firebase","deployment-scheduled":"true","firebase-functions-hash":"e774fddb1a5d63bf29ec71b91610e03eae9dada8"},"environment":"GEN_2"},"stages":[{"name":"BUILD","message":"Build in progress","state":"IN_PROGRESS","resource":"projects/920361704345/locations/us-central1/builds/a0b90c47-be84-4226-a8d3-3df9101f7985","resourceUri":"https://console.cloud.google.com/cloud-build/builds;region=us-central1/a0b90c47-be84-4226-a8d3-3df9101f7985?project=920361704345"},{"name":"SERVICE","state":"NOT_STARTED"}],"operationType":"CREATE_FUNCTION","buildName":"projects/920361704345/locations/us-central1/builds/a0b90c47-be84-4226-a8d3-3df9101f7985"},"done":false}
[debug] [2026-05-26T12:59:01.048Z] [create-default-us-central1-pollTeachers] Retrying task index 0
[debug] [2026-05-26T12:59:01.048Z] Checked if tokens are valid: true, expires at: 1779803771231
[debug] [2026-05-26T12:59:01.049Z] Checked if tokens are valid: true, expires at: 1779803771231
[debug] [2026-05-26T12:59:01.049Z] >>> [apiv2][query] GET https://cloudfunctions.googleapis.com/v2/projects/smap-f893f/locations/us-central1/operations/operation-1779800308896-652b80d2ed1a0-54957f25-21a21753 [none]
[debug] [2026-05-26T12:59:01.494Z] <<< [apiv2][status] GET https://cloudfunctions.googleapis.com/v2/projects/smap-f893f/locations/us-central1/operations/operation-1779800308896-652b80d2ed1a0-54957f25-21a21753 200
[debug] [2026-05-26T12:59:01.494Z] <<< [apiv2][body] GET https://cloudfunctions.googleapis.com/v2/projects/smap-f893f/locations/us-central1/operations/operation-1779800308896-652b80d2ed1a0-54957f25-21a21753 {"name":"projects/smap-f893f/locations/us-central1/operations/operation-1779800308896-652b80d2ed1a0-54957f25-21a21753","metadata":{"@type":"type.googleapis.com/google.cloud.functions.v2.OperationMetadata","createTime":"2026-05-26T12:58:30.020724240Z","endTime":"2026-05-26T12:59:18.443030328Z","target":"projects/smap-f893f/locations/us-central1/functions/pollTeachers","verb":"create","cancelRequested":false,"apiVersion":"v2","requestResource":{"@type":"type.googleapis.com/google.cloud.functions.v2.Function","name":"projects/smap-f893f/locations/us-central1/functions/pollTeachers","buildConfig":{"runtime":"nodejs20","entryPoint":"pollTeachers","source":{"storageSource":{"bucket":"gcf-v2-sources-920361704345-us-central1","object":"pollTeachers/function-source.zip","generation":"1779800309686225"}},"environmentVariables":{"GOOGLE_NODE_RUN_SCRIPTS":""},"serviceAccount":"projects/smap-f893f/serviceAccounts/920361704345-compute@developer.gserviceaccount.com","automaticUpdatePolicy":{}},"serviceConfig":{"service":"projects/smap-f893f/locations/us-central1/services/pollteachers","timeoutSeconds":60,"environmentVariables":{"FIREBASE_CONFIG":"{\"projectId\":\"smap-f893f\",\"storageBucket\":\"smap-f893f.firebasestorage.app\"}","GCLOUD_PROJECT":"smap-f893f","EVENTARC_CLOUD_EVENT_SOURCE":"projects/smap-f893f/locations/us-central1/services/pollTeachers","FUNCTION_TARGET":"pollTeachers","LOG_EXECUTION_ID":"true"},"ingressSettings":"ALLOW_ALL","serviceAccountEmail":"920361704345-compute@developer.gserviceaccount.com","availableMemory":"256Mi","maxInstanceRequestConcurrency":80,"availableCpu":"1"},"labels":{"deployment-tool":"cli-firebase","deployment-scheduled":"true","firebase-functions-hash":"e774fddb1a5d63bf29ec71b91610e03eae9dada8"},"environment":"GEN_2"},"stages":[{"name":"ARTIFACT_REGISTRY","message":"Deleting function artifacts in Artifact Registry","state":"COMPLETE"},{"name":"SERVICE","message":"Deleting Cloud Run service","state":"COMPLETE","resource":"projects/smap-f893f/locations/us-central1/services/pollteachers"}],"operationType":"CREATE_FUNCTION"},"done":true,"error":{"code":3,"message":"Build failed with status: FAILURE. Could not build the function due to a missing permission on the build service account. If you didn't revoke that permission explicitly, this could be caused by a change in the organization policies. Please refer to the following documentation for more details and resolution: https://cloud.google.com/functions/docs/troubleshooting#build-service-account\n You can also view the logs at https://console.cloud.google.com/cloud-build/builds;region=us-central1/a0b90c47-be84-4226-a8d3-3df9101f7985?project=920361704345.\n"}}
[debug] [2026-05-26T12:59:01.494Z] Got source token undefined for region us-central1
[error] Build failed with status: FAILURE. Could not build the function due to a missing permission on the build service account. If you didn't revoke that permission explicitly, this could be caused by a change in the organization policies. Please refer to the following documentation for more details and resolution: https://cloud.google.com/functions/docs/troubleshooting#build-service-account
 You can also view the logs at https://console.cloud.google.com/cloud-build/builds;region=us-central1/a0b90c47-be84-4226-a8d3-3df9101f7985?project=920361704345.

[warn] !  functions: Deploys failed. Skipping deletes. 
[debug] [2026-05-26T12:59:01.502Z] Total Function Deployment time: 52656
[debug] [2026-05-26T12:59:01.502Z] 1 Functions Deployed
[debug] [2026-05-26T12:59:01.502Z] 1 Functions Errored
[debug] [2026-05-26T12:59:01.502Z] 0 Function Deployments Aborted
[debug] [2026-05-26T12:59:01.502Z] Average Function Deployment time: 52655
[info] 
[info] Functions deploy had errors with the following functions:
	pollTeachers(us-central1)
[debug] [2026-05-26T12:59:01.721Z] Checked if tokens are valid: true, expires at: 1779803771231
[debug] [2026-05-26T12:59:01.721Z] Checked if tokens are valid: true, expires at: 1779803771231
[debug] [2026-05-26T12:59:01.721Z] >>> [apiv2][query] GET https://artifactregistry.googleapis.com/v1/projects/smap-f893f/locations/us-central1/repositories/gcf-artifacts [none]
[debug] [2026-05-26T12:59:04.715Z] <<< [apiv2][status] GET https://artifactregistry.googleapis.com/v1/projects/smap-f893f/locations/us-central1/repositories/gcf-artifacts 200
[debug] [2026-05-26T12:59:04.715Z] <<< [apiv2][body] GET https://artifactregistry.googleapis.com/v1/projects/smap-f893f/locations/us-central1/repositories/gcf-artifacts {"name":"projects/smap-f893f/locations/us-central1/repositories/gcf-artifacts","format":"DOCKER","description":"This repository is created and used by Cloud Functions for storing function docker images.","labels":{"goog-managed-by":"cloudfunctions"},"createTime":"2026-05-26T12:58:38.141092Z","updateTime":"2026-05-26T12:58:38.141092Z","mode":"STANDARD_REPOSITORY","vulnerabilityScanningConfig":{"lastEnableTime":"2026-05-26T12:58:30.200367121Z","enablementState":"SCANNING_DISABLED","enablementStateReason":"API containerscanning.googleapis.com is not enabled."},"satisfiesPzi":true,"registryUri":"us-central1-docker.pkg.dev/smap-f893f/gcf-artifacts"}
[warn] !  functions: No cleanup policy detected for repositories in us-central1. This may result in a small monthly bill as container images accumulate over time. 
[info] i  functions: Configuring cleanup policy for repository in us-central1. Images older than 400 days will be automatically deleted. 
[debug] [2026-05-26T12:59:38.873Z] Setting up artifact cleanup policy for region us-central1
[debug] [2026-05-26T12:59:38.874Z] Checked if tokens are valid: true, expires at: 1779803771231
[debug] [2026-05-26T12:59:38.874Z] Checked if tokens are valid: true, expires at: 1779803771231
[debug] [2026-05-26T12:59:38.874Z] >>> [apiv2][query] PATCH https://artifactregistry.googleapis.com/v1/projects/smap-f893f/locations/us-central1/repositories/gcf-artifacts updateMask=name%2CcleanupPolicies%2CcleanupPolicyDryRun%2Clabels
[debug] [2026-05-26T12:59:38.874Z] >>> [apiv2][body] PATCH https://artifactregistry.googleapis.com/v1/projects/smap-f893f/locations/us-central1/repositories/gcf-artifacts {"name":"projects/smap-f893f/locations/us-central1/repositories/gcf-artifacts","cleanupPolicies":{"firebase-functions-cleanup":{"id":"firebase-functions-cleanup","condition":{"tagState":"ANY","olderThan":"34560000s"},"action":"DELETE"}},"cleanupPolicyDryRun":false,"labels":{"goog-managed-by":"cloudfunctions"}}
[debug] [2026-05-26T12:59:39.843Z] <<< [apiv2][status] PATCH https://artifactregistry.googleapis.com/v1/projects/smap-f893f/locations/us-central1/repositories/gcf-artifacts 200
[debug] [2026-05-26T12:59:39.843Z] <<< [apiv2][body] PATCH https://artifactregistry.googleapis.com/v1/projects/smap-f893f/locations/us-central1/repositories/gcf-artifacts {"name":"projects/smap-f893f/locations/us-central1/repositories/gcf-artifacts","format":"DOCKER","description":"This repository is created and used by Cloud Functions for storing function docker images.","labels":{"goog-managed-by":"cloudfunctions"},"createTime":"2026-05-26T12:58:38.141092Z","updateTime":"2026-05-26T12:59:59.082856Z","mode":"STANDARD_REPOSITORY","cleanupPolicies":{"firebase-functions-cleanup":{"id":"firebase-functions-cleanup","action":"DELETE","condition":{"tagState":"ANY","olderThan":"34560000s"}}},"vulnerabilityScanningConfig":{"lastEnableTime":"2026-05-26T12:58:30.200367121Z","enablementState":"SCANNING_DISABLED","enablementStateReason":"API containerscanning.googleapis.com is not enabled."},"satisfiesPzi":true}
[info] i  functions: Configured cleanup policy for repository in us-central1. 
[debug] [2026-05-26T12:59:39.844Z] Functions deploy failed.
[debug] [2026-05-26T12:59:39.844Z] {
  "endpoint": {
    "id": "pollTeachers",
    "project": "smap-f893f",
    "region": "us-central1",
    "entryPoint": "pollTeachers",
    "platform": "gcfv2",
    "runtime": "nodejs20",
    "scheduleTrigger": {
      "schedule": "every 5 minutes",
      "timeZone": null,
      "retryConfig": {
        "maxBackoffSeconds": null,
        "minBackoffSeconds": null,
        "maxRetrySeconds": null,
        "retryCount": null,
        "maxDoublings": null
      }
    },
    "labels": {
      "deployment-tool": "cli-firebase"
    },
    "serviceAccount": null,
    "ingressSettings": null,
    "availableMemoryMb": null,
    "timeoutSeconds": null,
    "maxInstances": null,
    "minInstances": null,
    "concurrency": 80,
    "vpc": null,
    "environmentVariables": {
      "FIREBASE_CONFIG": "{\"projectId\":\"smap-f893f\",\"storageBucket\":\"smap-f893f.firebasestorage.app\"}",
      "GCLOUD_PROJECT": "smap-f893f",
      "EVENTARC_CLOUD_EVENT_SOURCE": "projects/smap-f893f/locations/us-central1/services/pollTeachers"
    },
    "codebase": "default",
    "cpu": 1,
    "targetedByOnly": false,
    "hash": "e774fddb1a5d63bf29ec71b91610e03eae9dada8"
  },
  "op": "create",
  "original": {
    "name": "FirebaseError",
    "children": [],
    "exit": 1,
    "message": "Build failed with status: FAILURE. Could not build the function due to a missing permission on the build service account. If you didn't revoke that permission explicitly, this could be caused by a change in the organization policies. Please refer to the following documentation for more details and resolution: https://cloud.google.com/functions/docs/troubleshooting#build-service-account\n You can also view the logs at https://console.cloud.google.com/cloud-build/builds;region=us-central1/a0b90c47-be84-4226-a8d3-3df9101f7985?project=920361704345.\n",
    "original": {
      "code": 3,
      "message": "Build failed with status: FAILURE. Could not build the function due to a missing permission on the build service account. If you didn't revoke that permission explicitly, this could be caused by a change in the organization policies. Please refer to the following documentation for more details and resolution: https://cloud.google.com/functions/docs/troubleshooting#build-service-account\n You can also view the logs at https://console.cloud.google.com/cloud-build/builds;region=us-central1/a0b90c47-be84-4226-a8d3-3df9101f7985?project=920361704345.\n"
    },
    "status": 3,
    "code": 3
  }
}
[debug] [2026-05-26T12:59:40.054Z] Error: Failed to create function pollTeachers in region us-central1
    at C:\Users\ariel\AppData\Roaming\npm\node_modules\firebase-tools\lib\deploy\functions\release\fabricator.js:332:27
    at process.processTicksAndRejections (node:internal/process/task_queues:104:5)
    at async Fabricator.createV2Function (C:\Users\ariel\AppData\Roaming\npm\node_modules\firebase-tools\lib\deploy\functions\release\fabricator.js:311:30)
    at async Fabricator.createEndpoint (C:\Users\ariel\AppData\Roaming\npm\node_modules\firebase-tools\lib\deploy\functions\release\fabricator.js:153:13)
    at async Fabricator.wrapOperation (C:\Users\ariel\AppData\Roaming\npm\node_modules\firebase-tools\lib\deploy\functions\release\fabricator.js:138:13)
    at async Promise.all (index 0)
    at async Promise.allSettled (index 0)
    at async Fabricator.applyPlan (C:\Users\ariel\AppData\Roaming\npm\node_modules\firebase-tools\lib\deploy\functions\release\fabricator.js:77:45)
    at async release (C:\Users\ariel\AppData\Roaming\npm\node_modules\firebase-tools\lib\deploy\functions\release\index.js:87:21)
    at async chain (C:\Users\ariel\AppData\Roaming\npm\node_modules\firebase-tools\lib\deploy\index.js:45:9)
[error] 
[error] Error: There was an error deploying functions
